<?xml version="1.0" encoding="UTF-8"?>
<!-- Generated by org.testng.reporters.JUnitReportReporter -->
<testsuite hostname="sairamnaik" failures="0" tests="2" name="test.Singup_Test" time="2.014" errors="0" timestamp="2025-06-24T08:28:22 IST" skipped="0">
  <testcase classname="test.Singup_Test" name="setup" time="1.504"/>
  <testcase classname="test.Singup_Test" name="tc_01_singupform" time="0.510"/>
</testsuite> <!-- test.Singup_Test -->
